size =  500
gain_cutoff_db =  35.750
gain_cutoff =  61.302
ref =  44.217
freq_cutoff =  10.328
ref =  43.404
freq_cutoff =  10.667
ref =  42.567
freq_cutoff =  11.018
ref =  41.708
freq_cutoff =  11.379
ref =  40.828
freq_cutoff =  11.753
ref =  39.928
freq_cutoff =  12.139
ref =  39.009
freq_cutoff =  12.537
ref =  38.071
freq_cutoff =  12.949
ref =  37.118
freq_cutoff =  13.374
ref =  36.150
freq_cutoff =  13.813
ref =  35.168
freq_cutoff =  14.266
ref =  34.176
freq_cutoff =  14.735
ref =  33.174
freq_cutoff =  15.218
ref =  32.164
freq_cutoff =  15.718
ref =  31.149
freq_cutoff =  16.234
ref =  30.131
freq_cutoff =  16.767
ref =  29.111
freq_cutoff =  17.317
ref =  28.092
freq_cutoff =  17.886
ref =  27.075
freq_cutoff =  18.473
ref =  26.063
freq_cutoff =  19.079
ref =  25.058
freq_cutoff =  19.706
ref =  24.062
freq_cutoff =  20.352
ref =  23.076
freq_cutoff =  21.021
ref =  22.103
freq_cutoff =  21.711
ref =  21.144
freq_cutoff =  22.423
ref =  20.200
freq_cutoff =  23.160
ref =  19.274
freq_cutoff =  23.920
ref =  18.367
freq_cutoff =  24.705
ref =  17.479
freq_cutoff =  25.516
ref =  16.612
freq_cutoff =  26.354
ref =  15.767
freq_cutoff =  27.219
ref =  14.945
freq_cutoff =  28.112
ref =  14.147
freq_cutoff =  29.035
ref =  13.372
freq_cutoff =  29.988
ref =  12.622
freq_cutoff =  30.973
ref =  11.897
freq_cutoff =  31.990
ref =  11.197
freq_cutoff =  33.040
ref =  10.522
freq_cutoff =  34.124
ref =  9.8720
freq_cutoff =  35.245
ref =  9.2471
freq_cutoff =  36.402
ref =  8.6471
freq_cutoff =  37.597
ref =  8.0716
freq_cutoff =  38.831
ref =  7.5203
freq_cutoff =  40.106
ref =  6.9928
freq_cutoff =  41.422
ref =  6.4885
freq_cutoff =  42.782
ref =  6.0070
freq_cutoff =  44.187
ref =  5.5476
freq_cutoff =  45.637
ref =  5.1098
freq_cutoff =  47.135
ref =  4.6930
freq_cutoff =  48.683
ref =  4.2964
freq_cutoff =  50.281
ref =  3.9194
freq_cutoff =  51.931
ref =  3.5613
freq_cutoff =  53.636
ref =  3.2214
freq_cutoff =  55.397
ref =  2.8991
freq_cutoff =  57.216
ref =  2.5935
freq_cutoff =  59.094
ref =  2.3040
freq_cutoff =  61.034
ref =  2.0300
freq_cutoff =  63.038
ref =  1.7707
freq_cutoff =  65.107
ref =  1.5255
freq_cutoff =  67.244
ref =  1.2938
freq_cutoff =  69.452
ref =  1.0749
freq_cutoff =  71.732
ref =  0.86814
freq_cutoff =  74.087
ref =  0.67300
freq_cutoff =  76.519
ref =  0.48889
freq_cutoff =  79.031
ref =  0.31525
freq_cutoff =  81.625
ref =  0.15154
freq_cutoff =  84.305
ref =  0.0027470
LCO =  84.305
uco =  2123123123123
lco =  84.305
bandwidth =  2123123123123
