size =  200
gain_cutoff_db =  37.606
gain_cutoff =  75.906
ref =  25.760
freq_cutoff =  10.844
ref =  22.913
freq_cutoff =  11.758
ref =  20.223
freq_cutoff =  12.751
ref =  17.707
freq_cutoff =  13.826
ref =  15.379
freq_cutoff =  14.993
ref =  13.247
freq_cutoff =  16.258
ref =  11.309
freq_cutoff =  17.629
ref =  9.5632
freq_cutoff =  19.116
ref =  8.0013
freq_cutoff =  20.729
ref =  6.6131
freq_cutoff =  22.478
ref =  5.3864
freq_cutoff =  24.374
ref =  4.3079
freq_cutoff =  26.431
ref =  3.3639
freq_cutoff =  28.661
ref =  2.5410
freq_cutoff =  31.079
ref =  1.8261
freq_cutoff =  33.701
ref =  1.2069
freq_cutoff =  36.544
ref =  0.67197
freq_cutoff =  39.627
ref =  0.21084
freq_cutoff =  42.970
ref =  0.18587
LCO =  42.970
uco =  2123123123123
lco =  42.970
bandwidth =  2123123123123
