Symbolic pkg v2.9.0: Python communication link active, SymPy v1.6.2.
R1 =  1014.6
R2 =  2084.6
R3 =  3013.0
R4 =  4030.7
R5 =  3062.1
R6 =  2036.9
R7 =  1005.0
Va =  5.2306
Id =  0.0010194
Kb =  0.0072556
Kc =  8244.2
KVL equations: 
ans = (sym)

    √9078379⋅Vb   √1029389⋅(-v₁ + v₆)   √4345714⋅(-v₁ + v₇)    
  - ─────────── + ─────────────────── + ─────────────────── = 0
      9078379           1029389               4345714          

ans = (sym)

        √2344138⋅(-v₂ + v₄)     26     
  -Ib - ─────────────────── + ───── = 0
              4688276         25505    

ans = (sym)

       √4345714⋅(-v₁ + v₇)    
  Ib - ─────────────────── = 0
             4345714          

ans = (sym)

       63⋅v₆   63⋅v₈    
  Ic + ───── - ───── = 0
       63314   63314    

ans = (sym) Vb = v₁ - v₂
ans = (sym)

  1297⋅π           
  ────── = -v₃ + v₆
   779             

ans = (sym) Vc = v₂ - v₅
ans = (sym) Vc = 3⋅√7551955⋅Ic
ans = (sym)

       83⋅π⋅Vb
  Ib = ───────
        35938 

v2 = 0
ans = (sym)

       √1029389⋅v₁   √1029389⋅(-v₁ + v₆)    
  Ic + ─────────── + ─────────────────── = 0
         1029389           1029389          

A =

 Columns 1 through 6:

     -0.00147      0.00000      0.00000      0.00000      0.00000      0.00099
      0.00000     -0.00033      0.00000      0.00033      0.00000      0.00000
      0.00048      0.00000      0.00000      0.00000      0.00000      0.00000
      0.00000      0.00000      0.00000      0.00000      0.00100      0.00000
     -1.00000      1.00000      0.00000      0.00000      0.00000      0.00000
      0.00000      0.00000     -1.00000      0.00000      0.00000      1.00000
      0.00000     -1.00000      0.00000      0.00000      1.00000      0.00000
      0.00000      0.00000      0.00000      0.00000      0.00000      0.00000
      0.00000      0.00000      0.00000      0.00000      0.00000      0.00000
      0.00000      0.00000     -0.00049      0.00000      0.00000      0.00000
      0.00000      1.00000      0.00000      0.00000      0.00000      0.00000
     -0.00025     -0.00025      0.00025      0.00000      0.00000      0.00099

 Columns 7 through 12:

      0.00048      0.00000      0.00000      0.00000      0.00000     -0.00033
      0.00000      0.00000      0.00000      0.00000      1.00000      0.00000
     -0.00048      0.00000      0.00000      0.00000      1.00000      0.00000
      0.00000     -0.00100      0.00000      0.00000      0.00000      1.00000
      0.00000      0.00000      1.00000      0.00000      0.00000      0.00000
      0.00000      0.00000      0.00000      0.00000      0.00000      0.00000
      0.00000      0.00000      0.00000      1.00000      0.00000      0.00000
      0.00000      0.00000      0.00000      1.00000      0.00000  -8244.24619
      0.00000      0.00000      0.00000     -0.00726      1.00000      0.00000
      0.00000      0.00000      0.00000      1.00000      0.00000  -8244.24619
      0.00000      0.00000      0.00000      1.00000      0.00000  -8244.24619
      0.00000      0.00000      0.00000      1.00000      1.00000  -8244.24619

B =

   0.00000
   0.00102
   0.00000
   0.00000
   0.00000
   5.23061
   0.00000
   0.00000
   0.00000
   0.00000
   0.00000
   0.00000

c =

   3.8784e-05
   1.1102e-16
  -2.2560e-13
   1.8908e+01
   7.1054e-01
   5.2306e+00
  -1.0747e+01
   6.2392e-01
   3.8784e-05
  -7.1054e-01
  -5.1554e-03
  -8.6186e-05

v1 =  0.000038784
v2 =    1.1102e-16
v3 =   -2.2560e-13
v4 =  18.908
v5 =  0.71054
v6 =  5.2306
v7 = -10.747
v8 =  0.62392
Vb =  0.000038784
Vc = -0.71054
Ib = -0.0051554
Ic = -0.000086186
