Symbolic pkg v2.9.0: Python communication link active, SymPy v1.6.2.


KVL equations:
ans = (sym) IA₁⋅R₁ + R₄⋅(IA₁ - IC₁) - Va + Vb = 0
ans = (sym) IC₁⋅R₄ + IC₁⋅R₆ + IC₁⋅R₇ + Vc = 0
IB1 = (sym) -Ib
ID1 = (sym) -Id
IC1 = (sym) -Ic
R1 =  1014.6
R2 =  2084.6
R3 =  3013.0
R4 =  4030.7
R5 =  3062.1
R6 =  2036.9
R7 =  1005.0
Va =  5.2306
Id =  0.0010194
Kb =  0.0072556
Kc =  8244.2
Vc = (sym) 3⋅√7551955⋅Ic
Ib = (sym)

  83⋅π⋅Vb
  ───────
   35938 

Vb = (sym)

           ⎛      83⋅π⋅Vb⎞
  √9078379⋅⎜IA₁ - ───────⎟
           ⎝       35938 ⎠

A =

 Columns 1 through 6:

   5045.29334      0.00000  -4030.70522      0.00000      0.00000      0.00000
      0.00000      0.00000   7072.56029      0.00000      0.00000      0.00000
      0.00000      1.00000      0.00000      0.00000      1.00000      0.00000
      0.00000      0.00000      0.00000      1.00000      0.00000      0.00000
      0.00000      0.00000      1.00000      0.00000      0.00000      1.00000
      0.00000      0.00000      0.00000      0.00000      0.00000  -8244.24619
      0.00000      0.00000      0.00000      0.00000      1.00000      0.00000
  -3013.03490   3013.03490      0.00000      0.00000      0.00000      0.00000

 Columns 7 and 8:

      1.00000      0.00000
      0.00000      1.00000
      0.00000      0.00000
      0.00000      0.00000
      0.00000      0.00000
      0.00000      1.00000
     -0.00726      0.00000
      1.00000      0.00000

B =

   5.23061
   0.00000
   0.00000
  -0.00102
   0.00000
   0.00000
   0.00000
   0.00000

c =

   0.00107
   0.00112
   0.00000
  -0.00102
  -0.00112
  -0.00000
  -0.15415
  -0.00000

IA1 =  0.0010673
IB1 =  0.0011184
IC1 = 0
ID1 = -0.0010194
Ib = -0.0011184
Ic = -0
Vb = -0.15415
Vc = -0
